# JRE version: OpenJDK Runtime Environment (8.0_152-b06) (build 1.8.0_152-release-1136-b06)
# Java VM: OpenJDK 64-Bit Server VM (25.152-b06 mixed mode linux-amd64 compressed oops)
Heap:
 PSYoungGen      total 385024K, used 6099K [0x00000000e0000000, 0x00000000f8c80000, 0x0000000100000000)
  eden space 364032K, 0% used [0x00000000e0000000,0x00000000e0000000,0x00000000f6380000)
  from space 20992K, 29% used [0x00000000f6380000,0x00000000f6974c18,0x00000000f7800000)
  to   space 15360K, 0% used [0x00000000f7d80000,0x00000000f7d80000,0x00000000f8c80000)
 ParOldGen       total 99328K, used 52795K [0x00000000a0000000, 0x00000000a6100000, 0x00000000e0000000)
  object space 99328K, 53% used [0x00000000a0000000,0x00000000a338ec40,0x00000000a6100000)
 Metaspace       used 80689K, capacity 84370K, committed 84480K, reserved 1122304K
  class space    used 10462K, capacity 11154K, committed 11264K, reserved 1048576K
GC Heap History (10 events):
Event: 17.262 GC heap after
Heap after GC invocations=17 (full 3):
 PSYoungGen      total 235520K, used 8227K [0x00000000e0000000, 0x00000000f1800000, 0x0000000100000000)
  eden space 214528K, 0% used [0x00000000e0000000,0x00000000e0000000,0x00000000ed180000)
  from space 20992K, 39% used [0x00000000ee580000,0x00000000eed88dd8,0x00000000efa00000)
  to   space 20480K, 0% used [0x00000000ed180000,0x00000000ed180000,0x00000000ee580000)
 ParOldGen       total 99328K, used 34321K [0x00000000a0000000, 0x00000000a6100000, 0x00000000e0000000)
  object space 99328K, 34% used [0x00000000a0000000,0x00000000a21846f8,0x00000000a6100000)
 Metaspace       used 65021K, capacity 66996K, committed 67072K, reserved 1107968K
  class space    used 8669K, capacity 9163K, committed 9216K, reserved 1048576K
}
Event: 20.714 GC heap before
{Heap before GC invocations=18 (full 3):
 PSYoungGen      total 235520K, used 222622K [0x00000000e0000000, 0x00000000f1800000, 0x0000000100000000)
  eden space 214528K, 99% used [0x00000000e0000000,0x00000000ed15ec40,0x00000000ed180000)
  from space 20992K, 39% used [0x00000000ee580000,0x00000000eed88dd8,0x00000000efa00000)
  to   space 20480K, 0% used [0x00000000ed180000,0x00000000ed180000,0x00000000ee580000)
 ParOldGen       total 99328K, used 34321K [0x00000000a0000000, 0x00000000a6100000, 0x00000000e0000000)
  object space 99328K, 34% used [0x00000000a0000000,0x00000000a21846f8,0x00000000a6100000)
 Metaspace       used 75832K, capacity 79102K, committed 79360K, reserved 1118208K
  class space    used 10070K, capacity 10740K, committed 10752K, reserved 1048576K
Event: 20.745 GC heap after
Heap after GC invocations=18 (full 3):
 PSYoungGen      total 235008K, used 13062K [0x00000000e0000000, 0x00000000f4a00000, 0x0000000100000000)
  eden space 214528K, 0% used [0x00000000e0000000,0x00000000e0000000,0x00000000ed180000)
  from space 20480K, 63% used [0x00000000ed180000,0x00000000ede41998,0x00000000ee580000)
  to   space 20480K, 0% used [0x00000000f3600000,0x00000000f3600000,0x00000000f4a00000)
 ParOldGen       total 99328K, used 42012K [0x00000000a0000000, 0x00000000a6100000, 0x00000000e0000000)
  object space 99328K, 42% used [0x00000000a0000000,0x00000000a29070f0,0x00000000a6100000)
 Metaspace       used 75832K, capacity 79102K, committed 79360K, reserved 1118208K
  class space    used 10070K, capacity 10740K, committed 10752K, reserved 1048576K
}
Event: 313.438 GC heap before
{Heap before GC invocations=19 (full 3):
 PSYoungGen      total 235008K, used 227590K [0x00000000e0000000, 0x00000000f4a00000, 0x0000000100000000)
  eden space 214528K, 100% used [0x00000000e0000000,0x00000000ed180000,0x00000000ed180000)
  from space 20480K, 63% used [0x00000000ed180000,0x00000000ede41998,0x00000000ee580000)
  to   space 20480K, 0% used [0x00000000f3600000,0x00000000f3600000,0x00000000f4a00000)
 ParOldGen       total 99328K, used 42012K [0x00000000a0000000, 0x00000000a6100000, 0x00000000e0000000)
  object space 99328K, 42% used [0x00000000a0000000,0x00000000a29070f0,0x00000000a6100000)
 Metaspace       used 79890K, capacity 83420K, committed 83584K, reserved 1122304K
  class space    used 10437K, capacity 11113K, committed 11136K, reserved 1048576K
Event: 313.475 GC heap after
Heap after GC invocations=19 (full 3):
 PSYoungGen      total 301568K, used 13327K [0x00000000e0000000, 0x00000000f4380000, 0x0000000100000000)
  eden space 287744K, 0% used [0x00000000e0000000,0x00000000e0000000,0x00000000f1900000)
  from space 13824K, 96% used [0x00000000f3600000,0x00000000f4303da0,0x00000000f4380000)
  to   space 20992K, 0% used [0x00000000f1a80000,0x00000000f1a80000,0x00000000f2f00000)
 ParOldGen       total 99328K, used 42472K [0x00000000a0000000, 0x00000000a6100000, 0x00000000e0000000)
  object space 99328K, 42% used [0x00000000a0000000,0x00000000a297a120,0x00000000a6100000)
 Metaspace       used 79890K, capacity 83420K, committed 83584K, reserved 1122304K
  class space    used 10437K, capacity 11113K, committed 11136K, reserved 1048576K
}
Event: 313.606 GC heap before
{Heap before GC invocations=20 (full 3):
 PSYoungGen      total 301568K, used 300874K [0x00000000e0000000, 0x00000000f4380000, 0x0000000100000000)
  eden space 287744K, 99% used [0x00000000e0000000,0x00000000f18ced70,0x00000000f1900000)
  from space 13824K, 96% used [0x00000000f3600000,0x00000000f4303da0,0x00000000f4380000)
  to   space 20992K, 0% used [0x00000000f1a80000,0x00000000f1a80000,0x00000000f2f00000)
 ParOldGen       total 99328K, used 42472K [0x00000000a0000000, 0x00000000a6100000, 0x00000000e0000000)
  object space 99328K, 42% used [0x00000000a0000000,0x00000000a297a120,0x00000000a6100000)
 Metaspace       used 79917K, capacity 83420K, committed 83584K, reserved 1122304K
  class space    used 10437K, capacity 11113K, committed 11136K, reserved 1048576K
Event: 313.633 GC heap after
Heap after GC invocations=20 (full 3):
 PSYoungGen      total 310272K, used 737K [0x00000000e0000000, 0x00000000f9280000, 0x0000000100000000)
  eden space 289280K, 0% used [0x00000000e0000000,0x00000000e0000000,0x00000000f1a80000)
  from space 20992K, 3% used [0x00000000f1a80000,0x00000000f1b38570,0x00000000f2f00000)
  to   space 21504K, 0% used [0x00000000f7d80000,0x00000000f7d80000,0x00000000f9280000)
 ParOldGen       total 99328K, used 51907K [0x00000000a0000000, 0x00000000a6100000, 0x00000000e0000000)
  object space 99328K, 52% used [0x00000000a0000000,0x00000000a32b0c08,0x00000000a6100000)
 Metaspace       used 79917K, capacity 83420K, committed 83584K, reserved 1122304K
  class space    used 10437K, capacity 11113K, committed 11136K, reserved 1048576K
}
Event: 497.320 GC heap before
{Heap before GC invocations=21 (full 3):
 PSYoungGen      total 310272K, used 289927K [0x00000000e0000000, 0x00000000f9280000, 0x0000000100000000)
  eden space 289280K, 99% used [0x00000000e0000000,0x00000000f1a69a38,0x00000000f1a80000)
  from space 20992K, 3% used [0x00000000f1a80000,0x00000000f1b38570,0x00000000f2f00000)
  to   space 21504K, 0% used [0x00000000f7d80000,0x00000000f7d80000,0x00000000f9280000)
 ParOldGen       total 99328K, used 51907K [0x00000000a0000000, 0x00000000a6100000, 0x00000000e0000000)
  object space 99328K, 52% used [0x00000000a0000000,0x00000000a32b0c08,0x00000000a6100000)
 Metaspace       used 80328K, capacity 83936K, committed 84096K, reserved 1122304K
  class space    used 10451K, capacity 11135K, committed 11136K, reserved 1048576K
Event: 497.337 GC heap after
Heap after GC invocations=21 (full 3):
 PSYoungGen      total 379392K, used 6413K [0x00000000e0000000, 0x00000000f8c80000, 0x0000000100000000)
  eden space 364032K, 0% used [0x00000000e0000000,0x00000000e0000000,0x00000000f6380000)
  from space 15360K, 41% used [0x00000000f7d80000,0x00000000f83c35a8,0x00000000f8c80000)
  to   space 20992K, 0% used [0x00000000f6380000,0x00000000f6380000,0x00000000f7800000)
 ParOldGen       total 99328K, used 52253K [0x00000000a0000000, 0x00000000a6100000, 0x00000000e0000000)
  object space 99328K, 52% used [0x00000000a0000000,0x00000000a33075a8,0x00000000a6100000)
 Metaspace       used 80328K, capacity 83936K, committed 84096K, reserved 1122304K
  class space    used 10451K, capacity 11135K, committed 11136K, reserved 1048576K
}
Event: 542.569 GC heap before
{Heap before GC invocations=22 (full 3):
 PSYoungGen      total 379392K, used 370247K [0x00000000e0000000, 0x00000000f8c80000, 0x0000000100000000)
  eden space 364032K, 99% used [0x00000000e0000000,0x00000000f634e970,0x00000000f6380000)
  from space 15360K, 41% used [0x00000000f7d80000,0x00000000f83c35a8,0x00000000f8c80000)
  to   space 20992K, 0% used [0x00000000f6380000,0x00000000f6380000,0x00000000f7800000)
 ParOldGen       total 99328K, used 52253K [0x00000000a0000000, 0x00000000a6100000, 0x00000000e0000000)
  object space 99328K, 52% used [0x00000000a0000000,0x00000000a33075a8,0x00000000a6100000)
 Metaspace       used 80689K, capacity 84370K, committed 84480K, reserved 1122304K
  class space    used 10462K, capacity 11154K, committed 11264K, reserved 1048576K

