# JRE version: OpenJDK Runtime Environment (8.0_152-b06) (build 1.8.0_152-release-1136-b06)
# Java VM: OpenJDK 64-Bit Server VM (25.152-b06 mixed mode linux-amd64 compressed oops)
Heap:
 PSYoungGen      total 352256K, used 32556K [0x00000000e0000000, 0x00000000f7c00000, 0x0000000100000000)
  eden space 315392K, 0% used [0x00000000e0000000,0x00000000e0000000,0x00000000f3400000)
  from space 36864K, 88% used [0x00000000f3400000,0x00000000f53cb050,0x00000000f5800000)
  to   space 30208K, 0% used [0x00000000f5e80000,0x00000000f5e80000,0x00000000f7c00000)
 ParOldGen       total 92672K, used 51432K [0x00000000a0000000, 0x00000000a5a80000, 0x00000000e0000000)
  object space 92672K, 55% used [0x00000000a0000000,0x00000000a323a358,0x00000000a5a80000)
 Metaspace       used 81674K, capacity 84986K, committed 85120K, reserved 1122304K
  class space    used 10592K, capacity 11284K, committed 11392K, reserved 1048576K
GC Heap History (10 events):
Event: 14.189 GC heap after
Heap after GC invocations=19 (full 3):
 PSYoungGen      total 258560K, used 15823K [0x00000000e0000000, 0x00000000f1280000, 0x0000000100000000)
  eden space 241152K, 0% used [0x00000000e0000000,0x00000000e0000000,0x00000000eeb80000)
  from space 17408K, 90% used [0x00000000f0180000,0x00000000f10f3d38,0x00000000f1280000)
  to   space 19968K, 0% used [0x00000000eeb80000,0x00000000eeb80000,0x00000000eff00000)
 ParOldGen       total 92672K, used 34924K [0x00000000a0000000, 0x00000000a5a80000, 0x00000000e0000000)
  object space 92672K, 37% used [0x00000000a0000000,0x00000000a221b2e8,0x00000000a5a80000)
 Metaspace       used 68326K, capacity 71076K, committed 71296K, reserved 1110016K
  class space    used 9211K, capacity 9805K, committed 9856K, reserved 1048576K
}
Event: 16.265 GC heap before
{Heap before GC invocations=20 (full 3):
 PSYoungGen      total 258560K, used 256863K [0x00000000e0000000, 0x00000000f1280000, 0x0000000100000000)
  eden space 241152K, 99% used [0x00000000e0000000,0x00000000eeb64048,0x00000000eeb80000)
  from space 17408K, 90% used [0x00000000f0180000,0x00000000f10f3d38,0x00000000f1280000)
  to   space 19968K, 0% used [0x00000000eeb80000,0x00000000eeb80000,0x00000000eff00000)
 ParOldGen       total 92672K, used 34924K [0x00000000a0000000, 0x00000000a5a80000, 0x00000000e0000000)
  object space 92672K, 37% used [0x00000000a0000000,0x00000000a221b2e8,0x00000000a5a80000)
 Metaspace       used 70076K, capacity 72914K, committed 72960K, reserved 1112064K
  class space    used 9373K, capacity 9960K, committed 9984K, reserved 1048576K
Event: 16.325 GC heap after
Heap after GC invocations=20 (full 3):
 PSYoungGen      total 261120K, used 19958K [0x00000000e0000000, 0x00000000f4e00000, 0x0000000100000000)
  eden space 241152K, 0% used [0x00000000e0000000,0x00000000e0000000,0x00000000eeb80000)
  from space 19968K, 99% used [0x00000000eeb80000,0x00000000efefdb48,0x00000000eff00000)
  to   space 29184K, 0% used [0x00000000f3180000,0x00000000f3180000,0x00000000f4e00000)
 ParOldGen       total 92672K, used 50824K [0x00000000a0000000, 0x00000000a5a80000, 0x00000000e0000000)
  object space 92672K, 54% used [0x00000000a0000000,0x00000000a31a22a8,0x00000000a5a80000)
 Metaspace       used 70076K, capacity 72914K, committed 72960K, reserved 1112064K
  class space    used 9373K, capacity 9960K, committed 9984K, reserved 1048576K
}
Event: 17.775 GC heap before
{Heap before GC invocations=21 (full 3):
 PSYoungGen      total 261120K, used 261110K [0x00000000e0000000, 0x00000000f4e00000, 0x0000000100000000)
  eden space 241152K, 100% used [0x00000000e0000000,0x00000000eeb80000,0x00000000eeb80000)
  from space 19968K, 99% used [0x00000000eeb80000,0x00000000efefdb48,0x00000000eff00000)
  to   space 29184K, 0% used [0x00000000f3180000,0x00000000f3180000,0x00000000f4e00000)
 ParOldGen       total 92672K, used 50824K [0x00000000a0000000, 0x00000000a5a80000, 0x00000000e0000000)
  object space 92672K, 54% used [0x00000000a0000000,0x00000000a31a22a8,0x00000000a5a80000)
 Metaspace       used 70932K, capacity 73854K, committed 74112K, reserved 1114112K
  class space    used 9474K, capacity 10068K, committed 10112K, reserved 1048576K
Event: 17.811 GC heap after
Heap after GC invocations=21 (full 3):
 PSYoungGen      total 309760K, used 23746K [0x00000000e0000000, 0x00000000f5400000, 0x0000000100000000)
  eden space 280576K, 0% used [0x00000000e0000000,0x00000000e0000000,0x00000000f1200000)
  from space 29184K, 81% used [0x00000000f3180000,0x00000000f48b0bb0,0x00000000f4e00000)
  to   space 32256K, 0% used [0x00000000f1200000,0x00000000f1200000,0x00000000f3180000)
 ParOldGen       total 92672K, used 51408K [0x00000000a0000000, 0x00000000a5a80000, 0x00000000e0000000)
  object space 92672K, 55% used [0x00000000a0000000,0x00000000a3234358,0x00000000a5a80000)
 Metaspace       used 70932K, capacity 73854K, committed 74112K, reserved 1114112K
  class space    used 9474K, capacity 10068K, committed 10112K, reserved 1048576K
}
Event: 613.737 GC heap before
{Heap before GC invocations=22 (full 3):
 PSYoungGen      total 309760K, used 304114K [0x00000000e0000000, 0x00000000f5400000, 0x0000000100000000)
  eden space 280576K, 99% used [0x00000000e0000000,0x00000000f11cbe18,0x00000000f1200000)
  from space 29184K, 81% used [0x00000000f3180000,0x00000000f48b0bb0,0x00000000f4e00000)
  to   space 32256K, 0% used [0x00000000f1200000,0x00000000f1200000,0x00000000f3180000)
 ParOldGen       total 92672K, used 51408K [0x00000000a0000000, 0x00000000a5a80000, 0x00000000e0000000)
  object space 92672K, 55% used [0x00000000a0000000,0x00000000a3234358,0x00000000a5a80000)
 Metaspace       used 75734K, capacity 78820K, committed 78976K, reserved 1118208K
  class space    used 9925K, capacity 10567K, committed 10624K, reserved 1048576K
Event: 613.773 GC heap after
Heap after GC invocations=22 (full 3):
 PSYoungGen      total 312832K, used 28525K [0x00000000e0000000, 0x00000000f8200000, 0x0000000100000000)
  eden space 280576K, 0% used [0x00000000e0000000,0x00000000e0000000,0x00000000f1200000)
  from space 32256K, 88% used [0x00000000f1200000,0x00000000f2ddb788,0x00000000f3180000)
  to   space 36352K, 0% used [0x00000000f5e80000,0x00000000f5e80000,0x00000000f8200000)
 ParOldGen       total 92672K, used 51416K [0x00000000a0000000, 0x00000000a5a80000, 0x00000000e0000000)
  object space 92672K, 55% used [0x00000000a0000000,0x00000000a3236358,0x00000000a5a80000)
 Metaspace       used 75734K, capacity 78820K, committed 78976K, reserved 1118208K
  class space    used 9925K, capacity 10567K, committed 10624K, reserved 1048576K
}
Event: 919.618 GC heap before
{Heap before GC invocations=23 (full 3):
 PSYoungGen      total 312832K, used 309101K [0x00000000e0000000, 0x00000000f8200000, 0x0000000100000000)
  eden space 280576K, 100% used [0x00000000e0000000,0x00000000f1200000,0x00000000f1200000)
  from space 32256K, 88% used [0x00000000f1200000,0x00000000f2ddb788,0x00000000f3180000)
  to   space 36352K, 0% used [0x00000000f5e80000,0x00000000f5e80000,0x00000000f8200000)
 ParOldGen       total 92672K, used 51416K [0x00000000a0000000, 0x00000000a5a80000, 0x00000000e0000000)
  object space 92672K, 55% used [0x00000000a0000000,0x00000000a3236358,0x00000000a5a80000)
 Metaspace       used 76166K, capacity 79400K, committed 79488K, reserved 1118208K
  class space    used 9937K, capacity 10589K, committed 10624K, reserved 1048576K
Event: 919.641 GC heap after
Heap after GC invocations=23 (full 3):
 PSYoungGen      total 345600K, used 20624K [0x00000000e0000000, 0x00000000f7c00000, 0x0000000100000000)
  eden space 315392K, 0% used [0x00000000e0000000,0x00000000e0000000,0x00000000f3400000)
  from space 30208K, 68% used [0x00000000f5e80000,0x00000000f72a4158,0x00000000f7c00000)
  to   space 36864K, 0% used [0x00000000f3400000,0x00000000f3400000,0x00000000f5800000)
 ParOldGen       total 92672K, used 51424K [0x00000000a0000000, 0x00000000a5a80000, 0x00000000e0000000)
  object space 92672K, 55% used [0x00000000a0000000,0x00000000a3238358,0x00000000a5a80000)
 Metaspace       used 76166K, capacity 79400K, committed 79488K, reserved 1118208K
  class space    used 9937K, capacity 10589K, committed 10624K, reserved 1048576K
}
Event: 2046.602 GC heap before
{Heap before GC invocations=24 (full 3):
 PSYoungGen      total 345600K, used 335314K [0x00000000e0000000, 0x00000000f7c00000, 0x0000000100000000)
  eden space 315392K, 99% used [0x00000000e0000000,0x00000000f3350930,0x00000000f3400000)
  from space 30208K, 68% used [0x00000000f5e80000,0x00000000f72a4158,0x00000000f7c00000)
  to   space 36864K, 0% used [0x00000000f3400000,0x00000000f3400000,0x00000000f5800000)
 ParOldGen       total 92672K, used 51424K [0x00000000a0000000, 0x00000000a5a80000, 0x00000000e0000000)
  object space 92672K, 55% used [0x00000000a0000000,0x00000000a3238358,0x00000000a5a80000)
 Metaspace       used 81674K, capacity 84986K, committed 85120K, reserved 1122304K
  class space    used 10592K, capacity 11284K, committed 11392K, reserved 1048576K

